PRT1
145
345
4 0 4 (6144 2048 -2247.949951 ) (6144 2048 1575.949951 ) (6144 2494.709961 1575.949951 ) (6144 2494.709961 -2247.949951 ) 
4 0 1 (7159.589844 2048 1575.949951 ) (6144 2048 1575.949951 ) (6144 2048 -2247.949951 ) (7159.589844 2048 -2247.949951 ) 
4 1 8 (6144 1024 -2247.949951 ) (6144 1024 1575.949951 ) (6144 2048 1575.949951 ) (6144 2048 -2247.949951 ) 
4 1 2 (6144 1024 1575.949951 ) (6144 1024 -2247.949951 ) (7159.589844 1024 -2247.949951 ) (7159.589844 1024 1575.949951 ) 
4 2 10 (6144 0 -2247.949951 ) (6144 0 1575.949951 ) (6144 1024 1575.949951 ) (6144 1024 -2247.949951 ) 
4 2 3 (6144 0 1575.949951 ) (6144 0 -2247.949951 ) (7159.589844 0 -2247.949951 ) (7159.589844 0 1575.949951 ) 
4 3 20 (7159.589844 -1024 1575.949951 ) (6144 -1024 1575.949951 ) (6144 -1024 -2247.949951 ) (7159.589844 -1024 -2247.949951 ) 
4 3 12 (6144 -1024 -2247.949951 ) (6144 -1024 1575.949951 ) (6144 0 1575.949951 ) (6144 0 -2247.949951 ) 
4 4 8 (6144 2048 -2247.949951 ) (6144 2048 1575.949951 ) (5120 2048 1575.949951 ) (5120 2048 -2247.949951 ) 
4 4 5 (5120 2048 -2247.949951 ) (5120 2048 1575.949951 ) (5120 2494.709961 1575.949951 ) (5120 2494.709961 -2247.949951 ) 
4 5 9 (5120 2048 -2247.949951 ) (5120 2048 1575.949951 ) (4096 2048 1575.949951 ) (4096 2048 -2247.949951 ) 
4 5 6 (4096 2048 -2247.949951 ) (4096 2048 1575.949951 ) (4096 2494.709961 1575.949951 ) (4096 2494.709961 -2247.949951 ) 
4 6 14 (4096 2048 -2247.949951 ) (4096 2048 1575.949951 ) (3072 2048 1575.949951 ) (3072 2048 -2247.949951 ) 
4 6 7 (3072 2048 -2247.949951 ) (3072 2048 1575.949951 ) (3072 2494.709961 1575.949951 ) (3072 2494.709961 -2247.949951 ) 
4 7 40 (2048 2048 -2247.949951 ) (2048 2048 1575.949951 ) (2048 2494.709961 1575.949951 ) (2048 2494.709961 -2247.949951 ) 
4 7 15 (3072 2048 -2247.949951 ) (3072 2048 1575.949951 ) (2048 2048 1575.949951 ) (2048 2048 -2247.949951 ) 
4 8 10 (6144 1024 -2247.949951 ) (6144 1024 1575.949951 ) (5120 1024 1575.949951 ) (5120 1024 -2247.949951 ) 
4 8 9 (5120 2048 1575.949951 ) (5120 2048 -2247.949951 ) (5120 1024 -2247.949951 ) (5120 1024 1575.949951 ) 
4 9 14 (4096 2048 1575.949951 ) (4096 2048 -2247.949951 ) (4096 1024 -2247.949951 ) (4096 1024 1575.949951 ) 
4 9 11 (5120 1024 -2247.949951 ) (5120 1024 1575.949951 ) (4096 1024 1575.949951 ) (4096 1024 -2247.949951 ) 
4 10 12 (6144 0 -2247.949951 ) (6144 0 1575.949951 ) (5120 0 1575.949951 ) (5120 0 -2247.949951 ) 
4 10 11 (5120 0 -2247.949951 ) (5120 0 1575.949951 ) (5120 1024 1575.949951 ) (5120 1024 -2247.949951 ) 
4 11 16 (4096 0 -2247.949951 ) (4096 0 1575.949951 ) (4096 1024 1575.949951 ) (4096 1024 -2247.949951 ) 
4 11 13 (4096 0 1575.949951 ) (4096 0 -2247.949951 ) (5120 0 -2247.949951 ) (5120 0 1575.949951 ) 
4 12 24 (6144 -1024 -2247.949951 ) (6144 -1024 1575.949951 ) (5120 -1024 1575.949951 ) (5120 -1024 -2247.949951 ) 
4 12 13 (5120 0 1575.949951 ) (5120 0 -2247.949951 ) (5120 -1024 -2247.949951 ) (5120 -1024 1575.949951 ) 
4 13 25 (5120 -1024 -2247.949951 ) (5120 -1024 1575.949951 ) (4096 -1024 1575.949951 ) (4096 -1024 -2247.949951 ) 
4 13 18 (4096 -1024 -2247.949951 ) (4096 -1024 1575.949951 ) (4096 0 1575.949951 ) (4096 0 -2247.949951 ) 
4 14 16 (4096 1024 -2247.949951 ) (4096 1024 1575.949951 ) (3072 1024 1575.949951 ) (3072 1024 -2247.949951 ) 
4 14 15 (3072 2048 1575.949951 ) (3072 2048 -2247.949951 ) (3072 1024 -2247.949951 ) (3072 1024 1575.949951 ) 
4 15 44 (2048 1024 -2247.949951 ) (2048 1024 1575.949951 ) (2048 2048 1575.949951 ) (2048 2048 -2247.949951 ) 
4 15 17 (3072 1024 -2247.949951 ) (3072 1024 1575.949951 ) (2048 1024 1575.949951 ) (2048 1024 -2247.949951 ) 
4 16 18 (4096 0 -2247.949951 ) (4096 0 1575.949951 ) (3072 0 1575.949951 ) (3072 0 -2247.949951 ) 
4 16 17 (3072 0 -2247.949951 ) (3072 0 1575.949951 ) (3072 1024 1575.949951 ) (3072 1024 -2247.949951 ) 
4 17 49 (2048 0 -2247.949951 ) (2048 0 64 ) (2048 1024 64 ) (2048 1024 -2247.949951 ) 
4 17 46 (2048 0 64 ) (2048 0 1575.949951 ) (2048 1024 1575.949951 ) (2048 1024 64 ) 
4 17 19 (2048 0 1575.949951 ) (2048 0 -2247.949951 ) (3072 0 -2247.949951 ) (3072 0 1575.949951 ) 
4 18 28 (4096 -1024 -2247.949951 ) (4096 -1024 1575.949951 ) (3072 -1024 1575.949951 ) (3072 -1024 -2247.949951 ) 
4 18 19 (3072 0 1575.949951 ) (3072 0 -2247.949951 ) (3072 -1024 -2247.949951 ) (3072 -1024 1575.949951 ) 
4 19 59 (2048 -1024 -2247.949951 ) (2048 -1024 64 ) (2048 0 64 ) (2048 0 -2247.949951 ) 
4 19 57 (2048 -1024 64 ) (2048 -1024 1575.949951 ) (2048 0 1575.949951 ) (2048 0 64 ) 
4 19 29 (3072 -1024 -2247.949951 ) (3072 -1024 1575.949951 ) (2048 -1024 1575.949951 ) (2048 -1024 -2247.949951 ) 
4 20 24 (6144 -1024 1575.949951 ) (6144 -1024 -2247.949951 ) (6144 -2048 -2247.949951 ) (6144 -2048 1575.949951 ) 
4 20 21 (7159.589844 -2048 1575.949951 ) (6144 -2048 1575.949951 ) (6144 -2048 -2247.949951 ) (7159.589844 -2048 -2247.949951 ) 
4 21 26 (6144 -3072 -2247.949951 ) (6144 -3072 1575.949951 ) (6144 -2048 1575.949951 ) (6144 -2048 -2247.949951 ) 
4 21 22 (7159.589844 -3072 1575.949951 ) (6144 -3072 1575.949951 ) (6144 -3072 -2247.949951 ) (7159.589844 -3072 -2247.949951 ) 
4 22 32 (6144 -4096 -2247.949951 ) (6144 -4096 1575.949951 ) (6144 -3072 1575.949951 ) (6144 -3072 -2247.949951 ) 
4 22 23 (6144 -4096 1575.949951 ) (6144 -4096 -2247.949951 ) (7159.589844 -4096 -2247.949951 ) (7159.589844 -4096 1575.949951 ) 
4 23 34 (6144 -4816.709961 1575.949951 ) (6144 -4096 1575.949951 ) (6144 -4096 -2247.949951 ) (6144 -4816.709961 -2247.949951 ) 
4 24 26 (6144 -2048 -2247.949951 ) (6144 -2048 1575.949951 ) (5120 -2048 1575.949951 ) (5120 -2048 -2247.949951 ) 
4 24 25 (5120 -1024 1575.949951 ) (5120 -1024 -2247.949951 ) (5120 -2048 -2247.949951 ) (5120 -2048 1575.949951 ) 
4 25 28 (4096 -1024 1575.949951 ) (4096 -1024 -2247.949951 ) (4096 -2048 -2247.949951 ) (4096 -2048 1575.949951 ) 
4 25 27 (5120 -2048 -2247.949951 ) (5120 -2048 1575.949951 ) (4096 -2048 1575.949951 ) (4096 -2048 -2247.949951 ) 
4 26 32 (6144 -3072 -2247.949951 ) (6144 -3072 1575.949951 ) (5120 -3072 1575.949951 ) (5120 -3072 -2247.949951 ) 
4 26 27 (5120 -2048 1575.949951 ) (5120 -2048 -2247.949951 ) (5120 -3072 -2247.949951 ) (5120 -3072 1575.949951 ) 
4 27 33 (5120 -3072 -2247.949951 ) (5120 -3072 1575.949951 ) (4096 -3072 1575.949951 ) (4096 -3072 -2247.949951 ) 
4 27 30 (4096 -3072 -2247.949951 ) (4096 -3072 1575.949951 ) (4096 -2048 1575.949951 ) (4096 -2048 -2247.949951 ) 
4 28 30 (4096 -2048 -2247.949951 ) (4096 -2048 1575.949951 ) (3072 -2048 1575.949951 ) (3072 -2048 -2247.949951 ) 
4 28 29 (3072 -1024 1575.949951 ) (3072 -1024 -2247.949951 ) (3072 -2048 -2247.949951 ) (3072 -2048 1575.949951 ) 
4 29 108 (2048 -2048 -2247.949951 ) (2048 -2048 64 ) (2048 -1024 64 ) (2048 -1024 -2247.949951 ) 
4 29 105 (2048 -2048 64 ) (2048 -2048 1575.949951 ) (2048 -1024 1575.949951 ) (2048 -1024 64 ) 
4 29 31 (3072 -2048 -2247.949951 ) (3072 -2048 1575.949951 ) (2048 -2048 1575.949951 ) (2048 -2048 -2247.949951 ) 
4 30 36 (4096 -3072 -2247.949951 ) (4096 -3072 1575.949951 ) (3072 -3072 1575.949951 ) (3072 -3072 -2247.949951 ) 
4 30 31 (3072 -2048 1575.949951 ) (3072 -2048 -2247.949951 ) (3072 -3072 -2247.949951 ) (3072 -3072 1575.949951 ) 
4 31 116 (2048 -3072 -2247.949951 ) (2048 -3072 1575.949951 ) (2048 -2048 1575.949951 ) (2048 -2048 -2247.949951 ) 
4 31 37 (3072 -3072 -2247.949951 ) (3072 -3072 1575.949951 ) (2048 -3072 1575.949951 ) (2048 -3072 -2247.949951 ) 
4 32 34 (6144 -4096 -2247.949951 ) (6144 -4096 1575.949951 ) (5120 -4096 1575.949951 ) (5120 -4096 -2247.949951 ) 
4 32 33 (5120 -3072 1575.949951 ) (5120 -3072 -2247.949951 ) (5120 -4096 -2247.949951 ) (5120 -4096 1575.949951 ) 
4 33 36 (4096 -3072 1575.949951 ) (4096 -3072 -2247.949951 ) (4096 -4096 -2247.949951 ) (4096 -4096 1575.949951 ) 
4 33 35 (5120 -4096 -2247.949951 ) (5120 -4096 1575.949951 ) (4096 -4096 1575.949951 ) (4096 -4096 -2247.949951 ) 
4 34 35 (5120 -4816.709961 1575.949951 ) (5120 -4096 1575.949951 ) (5120 -4096 -2247.949951 ) (5120 -4816.709961 -2247.949951 ) 
4 35 38 (4096 -4816.709961 1575.949951 ) (4096 -4096 1575.949951 ) (4096 -4096 -2247.949951 ) (4096 -4816.709961 -2247.949951 ) 
4 36 38 (4096 -4096 -2247.949951 ) (4096 -4096 1575.949951 ) (3072 -4096 1575.949951 ) (3072 -4096 -2247.949951 ) 
4 36 37 (3072 -3072 1575.949951 ) (3072 -3072 -2247.949951 ) (3072 -4096 -2247.949951 ) (3072 -4096 1575.949951 ) 
4 37 125 (2048 -4096 -2247.949951 ) (2048 -4096 1575.949951 ) (2048 -3072 1575.949951 ) (2048 -3072 -2247.949951 ) 
4 37 39 (3072 -4096 -2247.949951 ) (3072 -4096 1575.949951 ) (2048 -4096 1575.949951 ) (2048 -4096 -2247.949951 ) 
4 38 39 (3072 -4816.709961 1575.949951 ) (3072 -4096 1575.949951 ) (3072 -4096 -2247.949951 ) (3072 -4816.709961 -2247.949951 ) 
4 39 127 (2048 -4816.709961 1575.949951 ) (2048 -4096 1575.949951 ) (2048 -4096 -2247.949951 ) (2048 -4816.709961 -2247.949951 ) 
4 40 44 (2048 2048 -2247.949951 ) (2048 2048 1575.949951 ) (1024 2048 1575.949951 ) (1024 2048 -2247.949951 ) 
4 40 41 (1024 2048 -2247.949951 ) (1024 2048 1575.949951 ) (1024 2494.709961 1575.949951 ) (1024 2494.709961 -2247.949951 ) 
4 41 45 (1024 2048 -2247.949951 ) (1024 2048 1575.949951 ) (0 2048 1575.949951 ) (0 2048 -2247.949951 ) 
4 41 42 (0 2048 -2247.949951 ) (0 2048 1575.949951 ) (0 2494.709961 1575.949951 ) (0 2494.709961 -2247.949951 ) 
4 42 82 (0 2048 -2247.949951 ) (0 2048 1575.949951 ) (-1024 2048 1575.949951 ) (-1024 2048 -2247.949951 ) 
4 42 43 (-1024 2048 -2247.949951 ) (-1024 2048 1575.949951 ) (-1024 2494.709961 1575.949951 ) (-1024 2494.709961 -2247.949951 ) 
4 43 93 (-2048 2048 -2247.949951 ) (-2048 2048 1575.949951 ) (-2048 2494.709961 1575.949951 ) (-2048 2494.709961 -2247.949951 ) 
4 43 83 (-1024 2048 -2247.949951 ) (-1024 2048 1575.949951 ) (-2048 2048 1575.949951 ) (-2048 2048 -2247.949951 ) 
4 44 50 (1760 1024 64 ) (1024 1024 64 ) (1024 1024 -2247.949951 ) (1760 1024 -2247.949951 ) 
4 44 49 (2048 1024 -2247.949951 ) (2048 1024 64 ) (1760 1024 64 ) (1760 1024 -2247.949951 ) 
4 44 47 (1664 1024 1575.949951 ) (1024 1024 1575.949951 ) (1024 1024 64 ) (1664 1024 64 ) 
4 44 46 (2048 1024 64 ) (2048 1024 1575.949951 ) (1664 1024 1575.949951 ) (1664 1024 64 ) 
4 44 45 (1024 2048 1575.949951 ) (1024 2048 -2247.949951 ) (1024 1024 -2247.949951 ) (1024 1024 1575.949951 ) 
4 45 82 (0 2048 1575.949951 ) (0 2048 -2247.949951 ) (0 1024 -2247.949951 ) (0 1024 1575.949951 ) 
4 45 55 (1024 1024 -2247.949951 ) (1024 1024 64 ) (0 1024 64 ) (0 1024 -2247.949951 ) 
4 45 52 (1024 1024 64 ) (1024 1024 1575.949951 ) (256 1024 1575.949951 ) (256 1024 64 ) 
4 45 54 (256 1024 1575.949951 ) (0 1024 1575.949951 ) (0 1024 64 ) (256 1024 64 ) 
4 46 57 (2048 0 64 ) (2048 0 1575.949951 ) (1664 0 1575.949951 ) (1664 0 64 ) 
4 46 50 (1664 448 64 ) (1664 1024 64 ) (1760 1024 64 ) (1760 448 64 ) 
4 46 49 (2048 0 64 ) (1760 0 64 ) (1760 1024 64 ) (2048 1024 64 ) 
4 46 48 (1664 0 72 ) (1664 0 1575.949951 ) (1664 352 1575.949951 ) (1664 352 72 ) 
4 46 47 (1664 1024 64 ) (1664 352 64 ) (1664 352 1575.949951 ) (1664 1024 1575.949951 ) 
4 47 52 (1024 352 1575.949951 ) (1024 1024 1575.949951 ) (1024 1024 64 ) (1024 352 64 ) 
4 47 50 (1024 448 64 ) (1024 1024 64 ) (1664 1024 64 ) (1664 448 64 ) 
4 47 48 (1664 352 72 ) (1664 352 1575.949951 ) (1024 352 1575.949951 ) (1024 352 72 ) 
4 48 58 (1664 0 1575.949951 ) (1024 0 1575.949951 ) (1024 0 72 ) (1664 0 72 ) 
4 48 53 (1024 0 72 ) (1024 0 1575.949951 ) (1024 352 1575.949951 ) (1024 352 72 ) 
4 49 59 (2048 0 -2247.949951 ) (2048 0 64 ) (1760 0 64 ) (1760 0 -2247.949951 ) 
4 49 51 (1760 448 -2247.949951 ) (1760 0 -2247.949951 ) (1760 0 0 ) (1760 448 0 ) 
4 49 50 (1760 1024 -2247.949951 ) (1760 448 -2247.949951 ) (1760 448 64 ) (1760 1024 64 ) 
4 50 55 (1024 448 64 ) (1024 1024 64 ) (1024 1024 -2247.949951 ) (1024 448 -2247.949951 ) 
4 50 51 (1024 448 -2247.949951 ) (1760 448 -2247.949951 ) (1760 448 0 ) (1024 448 0 ) 
4 51 60 (1024 0 0 ) (1024 0 -2247.949951 ) (1760 0 -2247.949951 ) (1760 0 0 ) 
4 51 56 (1024 0 -2247.949951 ) (1024 0 0 ) (1024 448 0 ) (1024 448 -2247.949951 ) 
4 52 55 (256 1024 64 ) (1024 1024 64 ) (1024 448 64 ) (256 448 64 ) 
4 52 53 (256 352 1575.949951 ) (256 352 72 ) (1024 352 72 ) (1024 352 1575.949951 ) 
4 52 54 (256 1024 64 ) (256 352 64 ) (256 352 1575.949951 ) (256 1024 1575.949951 ) 
4 53 77 (800 0 80 ) (258 0 80 ) (258 0 72 ) (800 0 72 ) 
4 53 76 (1024 0 72 ) (1024 0 80 ) (800 0 80 ) (800 0 72 ) 
4 53 79 (258 0 80 ) (256 0 80 ) (256 0 72 ) (258 0 72 ) 
4 53 66 (1024 0 80 ) (1024 0 192 ) (256 0 192 ) (256 0 80 ) 
4 53 63 (800 0 193 ) (258 0 193 ) (258 0 192 ) (800 0 192 ) 
4 53 62 (1024 0 192 ) (1024 0 193 ) (800 0 193 ) (800 0 192 ) 
4 53 65 (258 0 193 ) (256 0 193 ) (256 0 192 ) (258 0 192 ) 
4 53 61 (1024 0 193 ) (1024 0 1575.949951 ) (256 0 1575.949951 ) (256 0 193 ) 
4 53 54 (256 0 72 ) (256 0 1575.949951 ) (256 352 1575.949951 ) (256 352 72 ) 
4 54 85 (0 0 64 ) (0 0 1575.949951 ) (0 448 1575.949951 ) (0 448 64 ) 
4 54 84 (0 448 1575.949951 ) (0 1024 1575.949951 ) (0 1024 64 ) (0 448 64 ) 
4 54 80 (0 0 72 ) (0 0 64 ) (256 0 64 ) (256 0 72 ) 
4 54 79 (0 0 80 ) (0 0 72 ) (256 0 72 ) (256 0 80 ) 
4 54 66 (0 0 192 ) (0 0 80 ) (256 0 80 ) (256 0 192 ) 
4 54 65 (0 0 193 ) (0 0 192 ) (256 0 192 ) (256 0 193 ) 
4 54 61 (0 0 1575.949951 ) (0 0 193 ) (256 0 193 ) (256 0 1575.949951 ) 
4 54 55 (0 1024 64 ) (256 1024 64 ) (256 448 64 ) (0 448 64 ) 
4 55 87 (0 1024 0 ) (0 1024 -2247.949951 ) (0 448 -2247.949951 ) (0 448 0 ) 
4 55 84 (0 448 64 ) (0 1024 64 ) (0 1024 0 ) (0 448 0 ) 
4 55 56 (0 448 -2247.949951 ) (1024 448 -2247.949951 ) (1024 448 0 ) (0 448 0 ) 
4 56 87 (0 0 -2247.949951 ) (0 0 0 ) (0 448 0 ) (0 448 -2247.949951 ) 
4 56 81 (0 0 0 ) (0 0 -2247.949951 ) (1024 0 -2247.949951 ) (1024 0 0 ) 
4 57 105 (2048 -1024 64 ) (2048 -1024 1575.949951 ) (1664 -1024 1575.949951 ) (1664 -1024 64 ) 
4 57 59 (1760 0 64 ) (2048 0 64 ) (2048 -1024 64 ) (1760 -1024 64 ) 
4 57 58 (1664 -1024 72 ) (1664 -1024 1575.949951 ) (1664 0 1575.949951 ) (1664 0 72 ) 
4 58 106 (1664 -1024 1575.949951 ) (1024 -1024 1575.949951 ) (1024 -1024 72 ) (1664 -1024 72 ) 
4 58 76 (1024 0 80 ) (1024 0 72 ) (1024 -1024 72 ) (1024 -1024 80 ) 
4 58 73 (1024 -890 80 ) (1024 -1024 80 ) (1024 -1024 192 ) (1024 -890 192 ) 
4 58 67 (1024 -288 80 ) (1024 -890 80 ) (1024 -890 192 ) (1024 -288 192 ) 
4 58 66 (1024 0 192 ) (1024 0 80 ) (1024 -288 80 ) (1024 -288 192 ) 
4 58 62 (1024 0 193 ) (1024 0 192 ) (1024 -1024 192 ) (1024 -1024 193 ) 
4 58 61 (1024 0 1575.949951 ) (1024 0 193 ) (1024 -1024 193 ) (1024 -1024 1575.949951 ) 
4 59 108 (2048 -1024 -2247.949951 ) (2048 -1024 64 ) (1760 -1024 64 ) (1760 -1024 -2247.949951 ) 
4 59 60 (1760 0 -2247.949951 ) (1760 -1024 -2247.949951 ) (1760 -1024 0 ) (1760 0 0 ) 
4 60 109 (1024 -1024 0 ) (1024 -1024 -2247.949951 ) (1760 -1024 -2247.949951 ) (1760 -1024 0 ) 
4 60 81 (1024 0 0 ) (1024 0 -2247.949951 ) (1024 -1024 -2247.949951 ) (1024 -1024 0 ) 
4 61 111 (1024 -1024 193 ) (1024 -1024 1575.949951 ) (256 -1024 1575.949951 ) (256 -1024 193 ) 
4 61 113 (256 -1024 1575.949951 ) (0 -1024 1575.949951 ) (0 -1024 193 ) (256 -1024 193 ) 
4 61 89 (0 -1024 193 ) (0 -1024 1575.949951 ) (0 0 1575.949951 ) (0 0 193 ) 
4 61 63 (258 0 193 ) (800 0 193 ) (800 -288 193 ) (258 -288 193 ) 
4 61 64 (800 -896 193 ) (800 -1024 193 ) (258 -1024 193 ) (258 -896 193 ) 
4 61 62 (800 0 193 ) (1024 0 193 ) (1024 -1024 193 ) (800 -1024 193 ) 
4 61 65 (0 -1024 193 ) (0 0 193 ) (258 0 193 ) (258 -1024 193 ) 
4 62 111 (1024 -1024 192 ) (1024 -1024 193 ) (800 -1024 193 ) (800 -1024 192 ) 
4 62 73 (1024 -1024 192 ) (800 -1024 192 ) (800 -890 192 ) (1024 -890 192 ) 
4 62 67 (800 -890 192 ) (800 -288 192 ) (1024 -288 192 ) (1024 -890 192 ) 
4 62 66 (800 -288 192 ) (800 0 192 ) (1024 0 192 ) (1024 -288 192 ) 
4 62 63 (800 0 192 ) (800 -288 192 ) (800 -288 193 ) (800 0 193 ) 
4 62 64 (800 -896 192 ) (800 -1024 192 ) (800 -1024 193 ) (800 -896 193 ) 
4 63 66 (258 -288 192 ) (258 0 192 ) (800 0 192 ) (800 -288 192 ) 
4 63 65 (258 0 192 ) (258 -288 192 ) (258 -288 193 ) (258 0 193 ) 
4 64 111 (800 -1024 193 ) (258 -1024 193 ) (258 -1024 192 ) (800 -1024 192 ) 
4 64 74 (800 -1024 192 ) (258 -1024 192 ) (258 -896 192 ) (800 -896 192 ) 
4 64 65 (258 -896 192 ) (258 -1024 192 ) (258 -1024 193 ) (258 -896 193 ) 
4 65 111 (258 -1024 193 ) (256 -1024 193 ) (256 -1024 192 ) (258 -1024 192 ) 
4 65 113 (256 -1024 193 ) (0 -1024 193 ) (0 -1024 192 ) (256 -1024 192 ) 
4 65 89 (0 -1024 192 ) (0 -1024 193 ) (0 0 193 ) (0 0 192 ) 
4 65 75 (258 -1024 192 ) (0 -1024 192 ) (0 -890 192 ) (258 -890 192 ) 
4 65 72 (0 -890 192 ) (0 -288 192 ) (258 -288 192 ) (258 -890 192 ) 
4 65 66 (0 -288 192 ) (0 0 192 ) (258 0 192 ) (258 -288 192 ) 
4 66 89 (0 -288 192 ) (0 0 192 ) (0 0 80 ) (0 -288 80 ) 
4 66 77 (258 0 80 ) (800 0 80 ) (800 -288 80 ) (258 -288 80 ) 
4 66 76 (800 0 80 ) (1024 0 80 ) (1024 -288 80 ) (800 -288 80 ) 
4 66 79 (0 -288 80 ) (0 0 80 ) (258 0 80 ) (258 -288 80 ) 
4 66 72 (0 -288 80 ) (258 -288 80 ) (258 -288 192 ) (0 -288 192 ) 
4 66 70 (264 -288 80 ) (640 -288 80 ) (640 -288 192 ) (264 -288 192 ) 
4 66 67 (800 -288 80 ) (1024 -288 80 ) (1024 -288 192 ) (800 -288 192 ) 
4 67 76 (800 -288 80 ) (1024 -288 80 ) (1024 -890 80 ) (800 -890 80 ) 
4 67 73 (800 -890 80 ) (1024 -890 80 ) (1024 -890 192 ) (800 -890 192 ) 
4 68 69 (646 -767 80 ) (646 -890 80 ) (646 -890 192 ) (646 -767 192 ) 
4 69 70 (640 -767 80 ) (640 -890 80 ) (640 -890 192 ) (640 -767 192 ) 
4 70 71 (264 -544 80 ) (264 -642 80 ) (264 -642 192 ) (264 -544 192 ) 
4 71 72 (258 -544 80 ) (258 -642 80 ) (258 -642 192 ) (258 -544 192 ) 
4 72 89 (0 -890 192 ) (0 -288 192 ) (0 -288 80 ) (0 -890 80 ) 
4 72 79 (0 -890 80 ) (0 -288 80 ) (258 -288 80 ) (258 -890 80 ) 
4 72 75 (0 -890 80 ) (258 -890 80 ) (258 -890 192 ) (0 -890 192 ) 
4 73 111 (1024 -1024 80 ) (1024 -1024 192 ) (800 -1024 192 ) (800 -1024 80 ) 
4 73 76 (800 -890 80 ) (1024 -890 80 ) (1024 -1024 80 ) (800 -1024 80 ) 
4 73 74 (800 -896 80 ) (800 -1024 80 ) (800 -1024 192 ) (800 -896 192 ) 
4 74 111 (800 -1024 192 ) (258 -1024 192 ) (258 -1024 80 ) (800 -1024 80 ) 
4 74 78 (800 -896 80 ) (800 -1024 80 ) (258 -1024 80 ) (258 -896 80 ) 
4 74 75 (258 -896 80 ) (258 -1024 80 ) (258 -1024 192 ) (258 -896 192 ) 
4 75 111 (258 -1024 192 ) (256 -1024 192 ) (256 -1024 80 ) (258 -1024 80 ) 
4 75 113 (256 -1024 192 ) (0 -1024 192 ) (0 -1024 80 ) (256 -1024 80 ) 
4 75 89 (0 -1024 80 ) (0 -1024 192 ) (0 -890 192 ) (0 -890 80 ) 
4 75 79 (0 -1024 80 ) (0 -890 80 ) (258 -890 80 ) (258 -1024 80 ) 
4 76 111 (1024 -1024 72 ) (1024 -1024 80 ) (800 -1024 80 ) (800 -1024 72 ) 
4 76 77 (800 0 72 ) (800 -288 72 ) (800 -288 80 ) (800 0 80 ) 
4 76 78 (800 -896 72 ) (800 -1024 72 ) (800 -1024 80 ) (800 -896 80 ) 
4 77 79 (258 0 72 ) (258 -288 72 ) (258 -288 80 ) (258 0 80 ) 
4 78 111 (800 -1024 80 ) (258 -1024 80 ) (258 -1024 72 ) (800 -1024 72 ) 
4 78 79 (258 -896 72 ) (258 -1024 72 ) (258 -1024 80 ) (258 -896 80 ) 
4 79 111 (258 -1024 80 ) (256 -1024 80 ) (256 -1024 72 ) (258 -1024 72 ) 
4 79 113 (256 -1024 80 ) (0 -1024 80 ) (0 -1024 72 ) (256 -1024 72 ) 
4 79 89 (0 -1024 72 ) (0 -1024 80 ) (0 0 80 ) (0 0 72 ) 
4 79 80 (0 -1024 72 ) (0 0 72 ) (256 0 72 ) (256 -1024 72 ) 
4 80 113 (256 -1024 72 ) (0 -1024 72 ) (0 -1024 64 ) (256 -1024 64 ) 
4 80 89 (0 -1024 64 ) (0 -1024 72 ) (0 0 72 ) (0 0 64 ) 
4 81 114 (1024 -1024 -2247.949951 ) (1024 -1024 0 ) (0 -1024 0 ) (0 -1024 -2247.949951 ) 
4 81 91 (0 -1024 -2247.949951 ) (0 -1024 0 ) (0 0 0 ) (0 0 -2247.949951 ) 
4 82 87 (0 1024 -2247.949951 ) (0 1024 0 ) (-1024 1024 0 ) (-1024 1024 -2247.949951 ) 
4 82 84 (0 1024 0 ) (0 1024 1575.949951 ) (-1024 1024 1575.949951 ) (-1024 1024 0 ) 
4 82 83 (-1024 2048 1575.949951 ) (-1024 2048 -2247.949951 ) (-1024 1024 -2247.949951 ) (-1024 1024 1575.949951 ) 
4 83 96 (-2048 1024 -2247.949951 ) (-2048 1024 1575.949951 ) (-2048 2048 1575.949951 ) (-2048 2048 -2247.949951 ) 
4 83 88 (-1024 1024 -2247.949951 ) (-1024 1024 1575.949951 ) (-2048 1024 1575.949951 ) (-2048 1024 -2247.949951 ) 
4 84 88 (-1024 448 1575.949951 ) (-1024 1024 1575.949951 ) (-1024 1024 0 ) (-1024 448 0 ) 
4 84 87 (-1024 448 0 ) (-1024 1024 0 ) (0 1024 0 ) (0 448 0 ) 
4 84 86 (-1024 448 0 ) (-512 448 0 ) (-192 448 64 ) (-1024 448 64 ) 
4 84 85 (0 448 64 ) (0 448 1575.949951 ) (-1024 448 1575.949951 ) (-1024 448 64 ) 
4 85 89 (0 0 64 ) (0 0 1575.949951 ) (-1024 0 1575.949951 ) (-1024 0 64 ) 
4 85 88 (-1024 0 64 ) (-1024 0 1575.949951 ) (-1024 448 1575.949951 ) (-1024 448 64 ) 
4 85 86 (-1024 0 64 ) (-1024 448 64 ) (-192 448 64 ) (-192 0 64 ) 
4 86 90 (-192 0 64 ) (-1024 0 64 ) (-1024 0 0 ) (-512 0 0 ) 
4 86 88 (-1024 0 0 ) (-1024 0 64 ) (-1024 448 64 ) (-1024 448 0 ) 
4 86 87 (-512 0 0 ) (-1024 0 0 ) (-1024 448 0 ) (-512 448 0 ) 
4 87 91 (0 0 -2247.949951 ) (0 0 0 ) (-1024 0 0 ) (-1024 0 -2247.949951 ) 
4 87 88 (-1024 0 -2247.949951 ) (-1024 0 0 ) (-1024 1024 0 ) (-1024 1024 -2247.949951 ) 
4 88 98 (-2048 0 -2247.949951 ) (-2048 0 1575.949951 ) (-2048 1024 1575.949951 ) (-2048 1024 -2247.949951 ) 
4 88 92 (-2048 0 1575.949951 ) (-2048 0 -2247.949951 ) (-1024 0 -2247.949951 ) (-1024 0 1575.949951 ) 
4 89 118 (0 -1024 64 ) (0 -1024 1575.949951 ) (-1024 -1024 1575.949951 ) (-1024 -1024 64 ) 
4 89 92 (-1024 0 1575.949951 ) (-1024 0 64 ) (-1024 -1024 64 ) (-1024 -1024 1575.949951 ) 
4 89 90 (-192 -1024 64 ) (-1024 -1024 64 ) (-1024 0 64 ) (-192 0 64 ) 
4 90 119 (-192 -1024 64 ) (-1024 -1024 64 ) (-1024 -1024 0 ) (-512 -1024 0 ) 
4 90 92 (-1024 0 64 ) (-1024 0 0 ) (-1024 -1024 0 ) (-1024 -1024 64 ) 
4 90 91 (-512 -1024 0 ) (-1024 -1024 0 ) (-1024 0 0 ) (-512 0 0 ) 
4 91 121 (0 -1024 -2247.949951 ) (0 -1024 0 ) (-1024 -1024 0 ) (-1024 -1024 -2247.949951 ) 
4 91 92 (-1024 0 0 ) (-1024 0 -2247.949951 ) (-1024 -1024 -2247.949951 ) (-1024 -1024 0 ) 
4 92 122 (-1024 -1024 -2247.949951 ) (-1024 -1024 1575.949951 ) (-2048 -1024 1575.949951 ) (-2048 -1024 -2247.949951 ) 
4 92 100 (-2048 -1024 -2247.949951 ) (-2048 -1024 1575.949951 ) (-2048 0 1575.949951 ) (-2048 0 -2247.949951 ) 
4 93 96 (-2048 2048 -2247.949951 ) (-2048 2048 1575.949951 ) (-3072 2048 1575.949951 ) (-3072 2048 -2247.949951 ) 
4 93 94 (-3072 2048 -2247.949951 ) (-3072 2048 1575.949951 ) (-3072 2494.709961 1575.949951 ) (-3072 2494.709961 -2247.949951 ) 
4 94 97 (-3072 2048 -2247.949951 ) (-3072 2048 1575.949951 ) (-4096 2048 1575.949951 ) (-4096 2048 -2247.949951 ) 
4 94 95 (-4096 2048 -2247.949951 ) (-4096 2048 1575.949951 ) (-4096 2494.709961 1575.949951 ) (-4096 2494.709961 -2247.949951 ) 
4 95 102 (-4096 2048 -2247.949951 ) (-4096 2048 1575.949951 ) (-4313.589844 2048 1575.949951 ) (-4313.589844 2048 -2247.949951 ) 
4 96 98 (-2048 1024 -2247.949951 ) (-2048 1024 1575.949951 ) (-3072 1024 1575.949951 ) (-3072 1024 -2247.949951 ) 
4 96 97 (-3072 2048 1575.949951 ) (-3072 2048 -2247.949951 ) (-3072 1024 -2247.949951 ) (-3072 1024 1575.949951 ) 
4 97 102 (-4096 2048 1575.949951 ) (-4096 2048 -2247.949951 ) (-4096 1024 -2247.949951 ) (-4096 1024 1575.949951 ) 
4 97 99 (-3072 1024 -2247.949951 ) (-3072 1024 1575.949951 ) (-4096 1024 1575.949951 ) (-4096 1024 -2247.949951 ) 
4 98 100 (-2048 0 -2247.949951 ) (-2048 0 1575.949951 ) (-3072 0 1575.949951 ) (-3072 0 -2247.949951 ) 
4 98 99 (-3072 0 -2247.949951 ) (-3072 0 1575.949951 ) (-3072 1024 1575.949951 ) (-3072 1024 -2247.949951 ) 
4 99 103 (-4096 0 -2247.949951 ) (-4096 0 1575.949951 ) (-4096 1024 1575.949951 ) (-4096 1024 -2247.949951 ) 
4 99 101 (-4096 0 1575.949951 ) (-4096 0 -2247.949951 ) (-3072 0 -2247.949951 ) (-3072 0 1575.949951 ) 
4 100 133 (-2048 -1024 -2247.949951 ) (-2048 -1024 1575.949951 ) (-3072 -1024 1575.949951 ) (-3072 -1024 -2247.949951 ) 
4 100 101 (-3072 0 1575.949951 ) (-3072 0 -2247.949951 ) (-3072 -1024 -2247.949951 ) (-3072 -1024 1575.949951 ) 
4 101 134 (-3072 -1024 -2247.949951 ) (-3072 -1024 1575.949951 ) (-4096 -1024 1575.949951 ) (-4096 -1024 -2247.949951 ) 
4 101 104 (-4096 -1024 -2247.949951 ) (-4096 -1024 1575.949951 ) (-4096 0 1575.949951 ) (-4096 0 -2247.949951 ) 
4 102 103 (-4096 1024 -2247.949951 ) (-4096 1024 1575.949951 ) (-4313.589844 1024 1575.949951 ) (-4313.589844 1024 -2247.949951 ) 
4 103 104 (-4096 0 -2247.949951 ) (-4096 0 1575.949951 ) (-4313.589844 0 1575.949951 ) (-4313.589844 0 -2247.949951 ) 
4 104 137 (-4096 -1024 -2247.949951 ) (-4096 -1024 1575.949951 ) (-4313.589844 -1024 1575.949951 ) (-4313.589844 -1024 -2247.949951 ) 
4 105 116 (2048 -2048 64 ) (2048 -2048 1575.949951 ) (1664 -2048 1575.949951 ) (1664 -2048 64 ) 
4 105 110 (1760 -2048 64 ) (1664 -2048 64 ) (1664 -1664 64 ) (1760 -1664 64 ) 
4 105 108 (2048 -2048 64 ) (1760 -2048 64 ) (1760 -1024 64 ) (2048 -1024 64 ) 
4 105 106 (1664 -1536 72 ) (1664 -1536 1575.949951 ) (1664 -1024 1575.949951 ) (1664 -1024 72 ) 
4 105 107 (1664 -1536 64 ) (1664 -2048 64 ) (1664 -2048 1575.949951 ) (1664 -1536 1575.949951 ) 
4 106 111 (1024 -1024 1575.949951 ) (1024 -1024 72 ) (1024 -1536 72 ) (1024 -1536 1575.949951 ) 
4 106 107 (1664 -1536 72 ) (1664 -1536 1575.949951 ) (1024 -1536 1575.949951 ) (1024 -1536 72 ) 
4 107 116 (1664 -2048 1575.949951 ) (1024 -2048 1575.949951 ) (1024 -2048 64 ) (1664 -2048 64 ) 
4 107 112 (1024 -1536 64 ) (1024 -2048 64 ) (1024 -2048 1575.949951 ) (1024 -1536 1575.949951 ) 
4 107 110 (1664 -2048 64 ) (1024 -2048 64 ) (1024 -1664 64 ) (1664 -1664 64 ) 
4 108 116 (2048 -2048 -2247.949951 ) (2048 -2048 64 ) (1760 -2048 64 ) (1760 -2048 -2247.949951 ) 
4 108 109 (1760 -1024 -2247.949951 ) (1760 -1664 -2247.949951 ) (1760 -1664 0 ) (1760 -1024 0 ) 
4 108 110 (1760 -1664 -2247.949951 ) (1760 -2048 -2247.949951 ) (1760 -2048 64 ) (1760 -1664 64 ) 
4 109 114 (1024 -1024 0 ) (1024 -1024 -2247.949951 ) (1024 -1664 -2247.949951 ) (1024 -1664 0 ) 
4 109 110 (1024 -1664 -2247.949951 ) (1760 -1664 -2247.949951 ) (1760 -1664 0 ) (1024 -1664 0 ) 
4 110 116 (1760 -2048 64 ) (1024 -2048 64 ) (1024 -2048 -2247.949951 ) (1760 -2048 -2247.949951 ) 
4 110 115 (1024 -1664 -2247.949951 ) (1024 -2048 -2247.949951 ) (1024 -2048 64 ) (1024 -1664 64 ) 
4 111 112 (256 -1536 1575.949951 ) (256 -1536 72 ) (1024 -1536 72 ) (1024 -1536 1575.949951 ) 
4 111 113 (256 -1536 72 ) (256 -1536 1575.949951 ) (256 -1024 1575.949951 ) (256 -1024 72 ) 
4 112 117 (1024 -2048 64 ) (1024 -2048 1575.949951 ) (256 -2048 1575.949951 ) (256 -2048 64 ) 
4 112 115 (1024 -1664 64 ) (1024 -2048 64 ) (256 -2048 64 ) (256 -1664 64 ) 
4 112 113 (256 -1536 64 ) (256 -2048 64 ) (256 -2048 1575.949951 ) (256 -1536 1575.949951 ) 
4 113 118 (0 -1024 1575.949951 ) (0 -1024 64 ) (0 -1664 64 ) (0 -1664 1575.949951 ) 
4 113 120 (0 -1664 64 ) (0 -2048 64 ) (0 -2048 1575.949951 ) (0 -1664 1575.949951 ) 
4 113 117 (256 -2048 1575.949951 ) (0 -2048 1575.949951 ) (0 -2048 64 ) (256 -2048 64 ) 
4 113 115 (256 -1664 64 ) (256 -2048 64 ) (0 -2048 64 ) (0 -1664 64 ) 
4 114 121 (0 -1024 0 ) (0 -1024 -2247.949951 ) (0 -1664 -2247.949951 ) (0 -1664 0 ) 
4 114 115 (0 -1664 -2247.949951 ) (1024 -1664 -2247.949951 ) (1024 -1664 0 ) (0 -1664 0 ) 
4 115 121 (0 -1664 -2247.949951 ) (0 -2048 -2247.949951 ) (0 -2048 0 ) (0 -1664 0 ) 
4 115 120 (0 -2048 0 ) (0 -2048 64 ) (0 -1664 64 ) (0 -1664 0 ) 
4 115 117 (1024 -2048 -2247.949951 ) (1024 -2048 64 ) (0 -2048 64 ) (0 -2048 -2247.949951 ) 
4 116 125 (2048 -3072 -2247.949951 ) (2048 -3072 1575.949951 ) (1024 -3072 1575.949951 ) (1024 -3072 -2247.949951 ) 
4 116 117 (1024 -2048 1575.949951 ) (1024 -2048 -2247.949951 ) (1024 -3072 -2247.949951 ) (1024 -3072 1575.949951 ) 
4 117 126 (1024 -3072 -2247.949951 ) (1024 -3072 1575.949951 ) (0 -3072 1575.949951 ) (0 -3072 -2247.949951 ) 
4 117 123 (0 -3072 -2247.949951 ) (0 -3072 1575.949951 ) (0 -2048 1575.949951 ) (0 -2048 -2247.949951 ) 
4 118 122 (-1024 -1024 1575.949951 ) (-1024 -1024 64 ) (-1024 -1664 64 ) (-1024 -1664 1575.949951 ) 
4 118 119 (-192 -1664 64 ) (-1024 -1664 64 ) (-1024 -1024 64 ) (-192 -1024 64 ) 
4 118 120 (0 -1664 64 ) (0 -1664 1575.949951 ) (-1024 -1664 1575.949951 ) (-1024 -1664 64 ) 
4 119 122 (-1024 -1024 64 ) (-1024 -1024 0 ) (-1024 -1664 0 ) (-1024 -1664 64 ) 
4 119 121 (-1024 -1664 0 ) (-1024 -1024 0 ) (-512 -1024 0 ) (-512 -1664 0 ) 
4 119 120 (-1024 -1664 0 ) (-512 -1664 0 ) (-192 -1664 64 ) (-1024 -1664 64 ) 
4 120 123 (0 -2048 0 ) (0 -2048 1575.949951 ) (-1024 -2048 1575.949951 ) (-1024 -2048 0 ) 
4 120 122 (-1024 -1664 0 ) (-1024 -2048 0 ) (-1024 -2048 1575.949951 ) (-1024 -1664 1575.949951 ) 
4 120 121 (0 -2048 0 ) (-1024 -2048 0 ) (-1024 -1664 0 ) (0 -1664 0 ) 
4 121 123 (0 -2048 -2247.949951 ) (0 -2048 0 ) (-1024 -2048 0 ) (-1024 -2048 -2247.949951 ) 
4 121 122 (-1024 -1024 0 ) (-1024 -1024 -2247.949951 ) (-1024 -2048 -2247.949951 ) (-1024 -2048 0 ) 
4 122 133 (-2048 -1024 1575.949951 ) (-2048 -1024 -2247.949951 ) (-2048 -2048 -2247.949951 ) (-2048 -2048 1575.949951 ) 
4 122 124 (-1024 -2048 -2247.949951 ) (-1024 -2048 1575.949951 ) (-2048 -2048 1575.949951 ) (-2048 -2048 -2247.949951 ) 
4 123 129 (0 -3072 -2247.949951 ) (0 -3072 1575.949951 ) (-1024 -3072 1575.949951 ) (-1024 -3072 -2247.949951 ) 
4 123 124 (-1024 -2048 1575.949951 ) (-1024 -2048 -2247.949951 ) (-1024 -3072 -2247.949951 ) (-1024 -3072 1575.949951 ) 
4 124 135 (-2048 -3072 -2247.949951 ) (-2048 -3072 1575.949951 ) (-2048 -2048 1575.949951 ) (-2048 -2048 -2247.949951 ) 
4 124 130 (-1024 -3072 -2247.949951 ) (-1024 -3072 1575.949951 ) (-2048 -3072 1575.949951 ) (-2048 -3072 -2247.949951 ) 
4 125 127 (2048 -4096 -2247.949951 ) (2048 -4096 1575.949951 ) (1024 -4096 1575.949951 ) (1024 -4096 -2247.949951 ) 
4 125 126 (1024 -3072 1575.949951 ) (1024 -3072 -2247.949951 ) (1024 -4096 -2247.949951 ) (1024 -4096 1575.949951 ) 
4 126 129 (0 -3072 1575.949951 ) (0 -3072 -2247.949951 ) (0 -4096 -2247.949951 ) (0 -4096 1575.949951 ) 
4 126 128 (1024 -4096 -2247.949951 ) (1024 -4096 1575.949951 ) (0 -4096 1575.949951 ) (0 -4096 -2247.949951 ) 
4 127 128 (1024 -4816.709961 1575.949951 ) (1024 -4096 1575.949951 ) (1024 -4096 -2247.949951 ) (1024 -4816.709961 -2247.949951 ) 
4 128 131 (0 -4816.709961 1575.949951 ) (0 -4096 1575.949951 ) (0 -4096 -2247.949951 ) (0 -4816.709961 -2247.949951 ) 
4 129 131 (0 -4096 -2247.949951 ) (0 -4096 1575.949951 ) (-1024 -4096 1575.949951 ) (-1024 -4096 -2247.949951 ) 
4 129 130 (-1024 -3072 1575.949951 ) (-1024 -3072 -2247.949951 ) (-1024 -4096 -2247.949951 ) (-1024 -4096 1575.949951 ) 
4 130 139 (-2048 -4096 -2247.949951 ) (-2048 -4096 1575.949951 ) (-2048 -3072 1575.949951 ) (-2048 -3072 -2247.949951 ) 
4 130 132 (-1024 -4096 -2247.949951 ) (-1024 -4096 1575.949951 ) (-2048 -4096 1575.949951 ) (-2048 -4096 -2247.949951 ) 
4 131 132 (-1024 -4816.709961 1575.949951 ) (-1024 -4096 1575.949951 ) (-1024 -4096 -2247.949951 ) (-1024 -4816.709961 -2247.949951 ) 
4 132 141 (-2048 -4816.709961 1575.949951 ) (-2048 -4096 1575.949951 ) (-2048 -4096 -2247.949951 ) (-2048 -4816.709961 -2247.949951 ) 
4 133 135 (-2048 -2048 -2247.949951 ) (-2048 -2048 1575.949951 ) (-3072 -2048 1575.949951 ) (-3072 -2048 -2247.949951 ) 
4 133 134 (-3072 -1024 1575.949951 ) (-3072 -1024 -2247.949951 ) (-3072 -2048 -2247.949951 ) (-3072 -2048 1575.949951 ) 
4 134 137 (-4096 -1024 1575.949951 ) (-4096 -1024 -2247.949951 ) (-4096 -2048 -2247.949951 ) (-4096 -2048 1575.949951 ) 
4 134 136 (-3072 -2048 -2247.949951 ) (-3072 -2048 1575.949951 ) (-4096 -2048 1575.949951 ) (-4096 -2048 -2247.949951 ) 
4 135 139 (-2048 -3072 -2247.949951 ) (-2048 -3072 1575.949951 ) (-3072 -3072 1575.949951 ) (-3072 -3072 -2247.949951 ) 
4 135 136 (-3072 -2048 1575.949951 ) (-3072 -2048 -2247.949951 ) (-3072 -3072 -2247.949951 ) (-3072 -3072 1575.949951 ) 
4 136 140 (-3072 -3072 -2247.949951 ) (-3072 -3072 1575.949951 ) (-4096 -3072 1575.949951 ) (-4096 -3072 -2247.949951 ) 
4 136 138 (-4096 -3072 -2247.949951 ) (-4096 -3072 1575.949951 ) (-4096 -2048 1575.949951 ) (-4096 -2048 -2247.949951 ) 
4 137 138 (-4096 -2048 -2247.949951 ) (-4096 -2048 1575.949951 ) (-4313.589844 -2048 1575.949951 ) (-4313.589844 -2048 -2247.949951 ) 
4 138 143 (-4096 -3072 -2247.949951 ) (-4096 -3072 1575.949951 ) (-4313.589844 -3072 1575.949951 ) (-4313.589844 -3072 -2247.949951 ) 
4 139 141 (-2048 -4096 -2247.949951 ) (-2048 -4096 1575.949951 ) (-3072 -4096 1575.949951 ) (-3072 -4096 -2247.949951 ) 
4 139 140 (-3072 -3072 1575.949951 ) (-3072 -3072 -2247.949951 ) (-3072 -4096 -2247.949951 ) (-3072 -4096 1575.949951 ) 
4 140 143 (-4096 -3072 1575.949951 ) (-4096 -3072 -2247.949951 ) (-4096 -4096 -2247.949951 ) (-4096 -4096 1575.949951 ) 
4 140 142 (-3072 -4096 -2247.949951 ) (-3072 -4096 1575.949951 ) (-4096 -4096 1575.949951 ) (-4096 -4096 -2247.949951 ) 
4 141 142 (-3072 -4816.709961 1575.949951 ) (-3072 -4096 1575.949951 ) (-3072 -4096 -2247.949951 ) (-3072 -4816.709961 -2247.949951 ) 
4 142 144 (-4096 -4816.709961 1575.949951 ) (-4096 -4096 1575.949951 ) (-4096 -4096 -2247.949951 ) (-4096 -4816.709961 -2247.949951 ) 
4 143 144 (-4096 -4096 -2247.949951 ) (-4096 -4096 1575.949951 ) (-4313.589844 -4096 1575.949951 ) (-4313.589844 -4096 -2247.949951 ) 
